<?xml version="1.0" encoding="UTF-8"?>
<!-- Generated by org.testng.reporters.JUnitReportReporter -->
<testsuite hostname="Nawazs-MacBook-Pro.local" failures="0" tests="1" name="com.timeit.testcases.IOS_Smoke" time="52.321" errors="0" timestamp="2022-09-27T15:56:49 EDT" skipped="0">
  <testcase classname="com.timeit.testcases.IOS_Smoke" name="TC_0001" time="52.321"/>
  <system-out/>
</testsuite> <!-- com.timeit.testcases.IOS_Smoke -->
