<?xml version="1.0" encoding="UTF-8"?>
<!-- Generated by org.testng.reporters.JUnitReportReporter -->
<testsuite hostname="NAWAZ-PC" failures="0" tests="2" name="com.appium.testcases.SmokeTests" time="138.548" errors="0" timestamp="2022-07-28T12:24:39 EDT" skipped="0">
  <testcase classname="com.appium.testcases.SmokeTests" name="TestCase_0001" time="41.713"/>
  <system-out/>
  <testcase classname="com.appium.testcases.SmokeTests" name="TestCase_0002" time="96.835"/>
  <system-out/>
</testsuite> <!-- com.appium.testcases.SmokeTests -->
